<?xml version="1.0" encoding="UTF-8"?>
<testng-results skipped="0" failed="0" ignored="0" total="0" passed="0">
  <reporter-output>
  </reporter-output>
  <suite name="com.mypack.SampleProject.AppTest" duration-ms="7" started-at="2019-01-11T01:28:01Z" finished-at="2019-01-11T01:28:01Z">
    <groups>
    </groups>
    <test name="Command line test" duration-ms="7" started-at="2019-01-11T01:28:01Z" finished-at="2019-01-11T01:28:01Z">
    </test> <!-- Command line test -->
  </suite> <!-- com.mypack.SampleProject.AppTest -->
</testng-results>
